g:\哥视频代码备份\remote\watchdog\server\server\debug\server.pch
g:\哥视频代码备份\remote\watchdog\server\server\debug\vc140.pdb
g:\哥视频代码备份\remote\watchdog\server\server\debug\vc140.idb
g:\哥视频代码备份\remote\watchdog\server\server\debug\stdafx.obj
g:\哥视频代码备份\remote\watchdog\server\server\debug\dlgfilemanager.obj
g:\哥视频代码备份\remote\watchdog\server\server\debug\dlgfilemode.obj
g:\哥视频代码备份\remote\watchdog\server\server\debug\dlgfilenewfolder.obj
g:\哥视频代码备份\remote\watchdog\server\server\debug\dlghandlemanager.obj
g:\哥视频代码备份\remote\watchdog\server\server\debug\dlgmodulemanager.obj
g:\哥视频代码备份\remote\watchdog\server\server\debug\dlgprocessmanager.obj
g:\哥视频代码备份\remote\watchdog\server\server\debug\dlgregistermanager.obj
g:\哥视频代码备份\remote\watchdog\server\server\debug\dlgremotecontrol.obj
g:\哥视频代码备份\remote\watchdog\server\server\debug\dlgremotemessagedlg.obj
g:\哥视频代码备份\remote\watchdog\server\server\debug\dlgremoteopenprocess.obj
g:\哥视频代码备份\remote\watchdog\server\server\debug\dlgserverset.obj
g:\哥视频代码备份\remote\watchdog\server\server\debug\dlgservicemanager.obj
g:\哥视频代码备份\remote\watchdog\server\server\debug\dlgthreadermanager.obj
g:\哥视频代码备份\remote\watchdog\server\server\debug\dlgwindowmanager.obj
g:\哥视频代码备份\remote\watchdog\server\server\debug\server.obj
g:\哥视频代码备份\remote\watchdog\server\server\debug\serverdlg.obj
g:\哥视频代码备份\remote\watchdog\server\server\debug\truecolortoolbar.obj
g:\哥视频代码备份\remote\watchdog\server\server\debug\_configflie.obj
g:\哥视频代码备份\remote\watchdog\server\server\debug\_criticalsection.obj
g:\哥视频代码备份\remote\watchdog\server\server\debug\_iocpserver.obj
g:\哥视频代码备份\remote\watchdog\server\server\debug\audio.obj
g:\哥视频代码备份\remote\watchdog\server\server\debug\buffer.obj
g:\哥视频代码备份\remote\watchdog\server\server\debug\dlgaudiomanager.obj
g:\哥视频代码备份\remote\watchdog\server\server\debug\dlgcmdmanager.obj
g:\哥视频代码备份\remote\watchdog\server\server\debug\dlgcreateclient.obj
g:\哥视频代码备份\remote\watchdog\debug\server.ilk
g:\哥视频代码备份\remote\watchdog\debug\server.exe
g:\哥视频代码备份\remote\watchdog\debug\server.pdb
g:\哥视频代码备份\remote\watchdog\server\server\debug\server.res
g:\哥视频代码备份\remote\watchdog\server\server\debug\x86.obj
g:\哥视频代码备份\remote\watchdog\server\server\..\..\debug\server.exe
g:\哥视频代码备份\remote\watchdog\server\server\debug\server.tlog\cl.command.1.tlog
g:\哥视频代码备份\remote\watchdog\server\server\debug\server.tlog\cl.read.1.tlog
g:\哥视频代码备份\remote\watchdog\server\server\debug\server.tlog\cl.write.1.tlog
g:\哥视频代码备份\remote\watchdog\server\server\debug\server.tlog\link.command.1.tlog
g:\哥视频代码备份\remote\watchdog\server\server\debug\server.tlog\link.read.1.tlog
g:\哥视频代码备份\remote\watchdog\server\server\debug\server.tlog\link.write.1.tlog
g:\哥视频代码备份\remote\watchdog\server\server\debug\server.tlog\rc.command.1.tlog
g:\哥视频代码备份\remote\watchdog\server\server\debug\server.tlog\rc.read.1.tlog
g:\哥视频代码备份\remote\watchdog\server\server\debug\server.tlog\rc.write.1.tlog
g:\哥视频代码备份\remote\watchdog\server\server\debug\server.tlog\server.write.1u.tlog
